2024-06-23 22:37:00.195 [background-preinit] INFO  o.h.validator.internal.util.Version - HV000001: Hibernate Validator 8.0.1.Final
2024-06-23 22:37:00.300 [main] INFO  c.project.shopapp.ShopappApplication - Starting ShopappApplication v0.0.1-SNAPSHOT using Java 22.0.1 with PID 28824 (D:\Java\ShopApp\shopapp-backend\target\shopapp-0.0.1-SNAPSHOT.jar started by ASUS in D:\Java\ShopApp\shopapp-backend\target)
2024-06-23 22:37:00.301 [main] INFO  c.project.shopapp.ShopappApplication - No active profile set, falling back to 1 default profile: "default"
2024-06-23 22:37:01.809 [main] INFO  o.s.d.r.c.RepositoryConfigurationDelegate - Multiple Spring Data modules found, entering strict repository configuration mode
2024-06-23 22:37:01.812 [main] INFO  o.s.d.r.c.RepositoryConfigurationDelegate - Bootstrapping Spring Data JPA repositories in DEFAULT mode.
2024-06-23 22:37:01.980 [main] INFO  o.s.d.r.c.RepositoryConfigurationDelegate - Finished Spring Data repository scanning in 159 ms. Found 11 JPA repository interfaces.
2024-06-23 22:37:01.998 [main] INFO  o.s.d.r.c.RepositoryConfigurationDelegate - Multiple Spring Data modules found, entering strict repository configuration mode
2024-06-23 22:37:02.000 [main] INFO  o.s.d.r.c.RepositoryConfigurationDelegate - Bootstrapping Spring Data Redis repositories in DEFAULT mode.
2024-06-23 22:37:02.018 [main] INFO  o.s.d.r.c.RepositoryConfigurationExtensionSupport - Spring Data Redis - Could not safely identify store assignment for repository candidate interface com.project.shopapp.repositories.CategoryRepository; If you want this repository to be a Redis repository, consider annotating your entities with one of these annotations: org.springframework.data.redis.core.RedisHash (preferred), or consider extending one of the following types with your repository: org.springframework.data.keyvalue.repository.KeyValueRepository
2024-06-23 22:37:02.020 [main] INFO  o.s.d.r.c.RepositoryConfigurationExtensionSupport - Spring Data Redis - Could not safely identify store assignment for repository candidate interface com.project.shopapp.repositories.CommentRepository; If you want this repository to be a Redis repository, consider annotating your entities with one of these annotations: org.springframework.data.redis.core.RedisHash (preferred), or consider extending one of the following types with your repository: org.springframework.data.keyvalue.repository.KeyValueRepository
2024-06-23 22:37:02.020 [main] INFO  o.s.d.r.c.RepositoryConfigurationExtensionSupport - Spring Data Redis - Could not safely identify store assignment for repository candidate interface com.project.shopapp.repositories.CouponConditionRepository; If you want this repository to be a Redis repository, consider annotating your entities with one of these annotations: org.springframework.data.redis.core.RedisHash (preferred), or consider extending one of the following types with your repository: org.springframework.data.keyvalue.repository.KeyValueRepository
2024-06-23 22:37:02.020 [main] INFO  o.s.d.r.c.RepositoryConfigurationExtensionSupport - Spring Data Redis - Could not safely identify store assignment for repository candidate interface com.project.shopapp.repositories.CouponRepository; If you want this repository to be a Redis repository, consider annotating your entities with one of these annotations: org.springframework.data.redis.core.RedisHash (preferred), or consider extending one of the following types with your repository: org.springframework.data.keyvalue.repository.KeyValueRepository
2024-06-23 22:37:02.021 [main] INFO  o.s.d.r.c.RepositoryConfigurationExtensionSupport - Spring Data Redis - Could not safely identify store assignment for repository candidate interface com.project.shopapp.repositories.OrderDetailRepository; If you want this repository to be a Redis repository, consider annotating your entities with one of these annotations: org.springframework.data.redis.core.RedisHash (preferred), or consider extending one of the following types with your repository: org.springframework.data.keyvalue.repository.KeyValueRepository
2024-06-23 22:37:02.021 [main] INFO  o.s.d.r.c.RepositoryConfigurationExtensionSupport - Spring Data Redis - Could not safely identify store assignment for repository candidate interface com.project.shopapp.repositories.OrderRepository; If you want this repository to be a Redis repository, consider annotating your entities with one of these annotations: org.springframework.data.redis.core.RedisHash (preferred), or consider extending one of the following types with your repository: org.springframework.data.keyvalue.repository.KeyValueRepository
2024-06-23 22:37:02.021 [main] INFO  o.s.d.r.c.RepositoryConfigurationExtensionSupport - Spring Data Redis - Could not safely identify store assignment for repository candidate interface com.project.shopapp.repositories.ProductImageRepository; If you want this repository to be a Redis repository, consider annotating your entities with one of these annotations: org.springframework.data.redis.core.RedisHash (preferred), or consider extending one of the following types with your repository: org.springframework.data.keyvalue.repository.KeyValueRepository
2024-06-23 22:37:02.024 [main] INFO  o.s.d.r.c.RepositoryConfigurationExtensionSupport - Spring Data Redis - Could not safely identify store assignment for repository candidate interface com.project.shopapp.repositories.ProductRepository; If you want this repository to be a Redis repository, consider annotating your entities with one of these annotations: org.springframework.data.redis.core.RedisHash (preferred), or consider extending one of the following types with your repository: org.springframework.data.keyvalue.repository.KeyValueRepository
2024-06-23 22:37:02.025 [main] INFO  o.s.d.r.c.RepositoryConfigurationExtensionSupport - Spring Data Redis - Could not safely identify store assignment for repository candidate interface com.project.shopapp.repositories.RoleRepository; If you want this repository to be a Redis repository, consider annotating your entities with one of these annotations: org.springframework.data.redis.core.RedisHash (preferred), or consider extending one of the following types with your repository: org.springframework.data.keyvalue.repository.KeyValueRepository
2024-06-23 22:37:02.025 [main] INFO  o.s.d.r.c.RepositoryConfigurationExtensionSupport - Spring Data Redis - Could not safely identify store assignment for repository candidate interface com.project.shopapp.repositories.TokenRepository; If you want this repository to be a Redis repository, consider annotating your entities with one of these annotations: org.springframework.data.redis.core.RedisHash (preferred), or consider extending one of the following types with your repository: org.springframework.data.keyvalue.repository.KeyValueRepository
2024-06-23 22:37:02.025 [main] INFO  o.s.d.r.c.RepositoryConfigurationExtensionSupport - Spring Data Redis - Could not safely identify store assignment for repository candidate interface com.project.shopapp.repositories.UserRepository; If you want this repository to be a Redis repository, consider annotating your entities with one of these annotations: org.springframework.data.redis.core.RedisHash (preferred), or consider extending one of the following types with your repository: org.springframework.data.keyvalue.repository.KeyValueRepository
2024-06-23 22:37:02.026 [main] INFO  o.s.d.r.c.RepositoryConfigurationDelegate - Finished Spring Data repository scanning in 15 ms. Found 0 Redis repository interfaces.
2024-06-23 22:37:03.581 [main] INFO  o.s.b.w.e.tomcat.TomcatWebServer - Tomcat initialized with port(s): 8088 (http)
2024-06-23 22:37:03.601 [main] INFO  o.a.coyote.http11.Http11NioProtocol - Initializing ProtocolHandler ["http-nio-8088"]
2024-06-23 22:37:03.608 [main] INFO  o.a.catalina.core.StandardService - Starting service [Tomcat]
2024-06-23 22:37:03.609 [main] INFO  o.a.catalina.core.StandardEngine - Starting Servlet engine: [Apache Tomcat/10.1.11]
2024-06-23 22:37:03.793 [main] INFO  o.a.c.c.C.[Tomcat].[localhost].[/] - Initializing Spring embedded WebApplicationContext
2024-06-23 22:37:03.796 [main] INFO  o.s.b.w.s.c.ServletWebServerApplicationContext - Root WebApplicationContext: initialization completed in 3444 ms
2024-06-23 22:37:08.026 [main] INFO  org.flywaydb.core.FlywayExecutor - Database: jdbc:mysql://monorail.proxy.rlwy.net:36640/railway (MySQL 8.4)
2024-06-23 22:37:09.633 [main] WARN  o.f.c.i.database.base.Database - Flyway upgrade recommended: MySQL 8.4 is newer than this version of Flyway and support has not been tested. The latest supported version of MySQL is 8.1.
2024-06-23 22:37:11.279 [main] INFO  o.f.core.internal.command.DbValidate - Successfully validated 6 migrations (execution time 00:01.433s)
2024-06-23 22:37:14.131 [main] INFO  o.f.core.internal.command.DbMigrate - Current version of schema `railway`: 5
2024-06-23 22:37:14.336 [main] INFO  o.f.core.internal.command.DbMigrate - Schema `railway` is up to date. No migration necessary.
2024-06-23 22:37:17.046 [main] INFO  o.h.jpa.internal.util.LogHelper - HHH000204: Processing PersistenceUnitInfo [name: default]
2024-06-23 22:37:17.093 [main] INFO  org.hibernate.Version - HHH000412: Hibernate ORM core version 6.2.6.Final
2024-06-23 22:37:17.096 [main] INFO  org.hibernate.cfg.Environment - HHH000406: Using bytecode reflection optimizer
2024-06-23 22:37:17.209 [main] INFO  o.h.b.i.BytecodeProviderInitiator - HHH000021: Bytecode provider name : bytebuddy
2024-06-23 22:37:17.309 [main] INFO  o.s.o.j.p.SpringPersistenceUnitInfo - No LoadTimeWeaver setup: ignoring JPA class transformer
2024-06-23 22:37:18.761 [main] WARN  org.hibernate.orm.deprecation - HHH90000026: MySQL8Dialect has been deprecated; use org.hibernate.dialect.MySQLDialect instead
2024-06-23 22:37:19.012 [main] INFO  o.h.b.i.BytecodeProviderInitiator - HHH000021: Bytecode provider name : bytebuddy
2024-06-23 22:37:20.148 [main] INFO  o.h.e.t.j.p.i.JtaPlatformInitiator - HHH000490: Using JtaPlatform implementation: [org.hibernate.engine.transaction.jta.platform.internal.NoJtaPlatform]
2024-06-23 22:37:20.151 [main] INFO  o.s.o.j.LocalContainerEntityManagerFactoryBean - Initialized JPA EntityManagerFactory for persistence unit 'default'
2024-06-23 22:37:20.545 [main] INFO  o.s.d.j.r.query.QueryEnhancerFactory - Hibernate is in classpath; If applicable, HQL parser will be used.
2024-06-23 22:37:21.293 [main] DEBUG o.s.w.f.ServerHttpObservationFilter - Filter 'webMvcObservationFilter' configured for use
2024-06-23 22:37:21.790 [main] INFO  o.s.b.a.e.web.EndpointLinksResolver - Exposing 2 endpoint(s) beneath base path '/api/v1/actuator'
2024-06-23 22:37:21.879 [main] WARN  o.s.b.a.o.j.JpaBaseConfiguration$JpaWebConfiguration - spring.jpa.open-in-view is enabled by default. Therefore, database queries may be performed during view rendering. Explicitly configure spring.jpa.open-in-view to disable this warning
2024-06-23 22:37:22.114 [main] DEBUG o.s.s.a.p.PrePostAnnotationSecurityMetadataSource - @org.springframework.security.access.prepost.PreAuthorize("hasRole(\'ROLE_ADMIN\')") found on specific method: public org.springframework.http.ResponseEntity com.project.shopapp.controllers.CategoryController.createCategory(com.project.shopapp.dtos.CategoryDTO,org.springframework.validation.BindingResult)
2024-06-23 22:37:22.117 [main] DEBUG o.s.s.a.m.DelegatingMethodSecurityMetadataSource - Caching method [CacheKey[com.project.shopapp.controllers.CategoryController; public org.springframework.http.ResponseEntity com.project.shopapp.controllers.CategoryController.createCategory(com.project.shopapp.dtos.CategoryDTO,org.springframework.validation.BindingResult)]] with attributes [[authorize: 'hasRole('ROLE_ADMIN')', filter: 'null', filterTarget: 'null']]
2024-06-23 22:37:22.134 [main] DEBUG o.s.s.a.p.PrePostAnnotationSecurityMetadataSource - @org.springframework.security.access.prepost.PreAuthorize("hasRole(\'ROLE_ADMIN\')") found on specific method: public org.springframework.http.ResponseEntity com.project.shopapp.controllers.CategoryController.updateCategory(java.lang.Long,com.project.shopapp.dtos.CategoryDTO)
2024-06-23 22:37:22.135 [main] DEBUG o.s.s.a.m.DelegatingMethodSecurityMetadataSource - Caching method [CacheKey[com.project.shopapp.controllers.CategoryController; public org.springframework.http.ResponseEntity com.project.shopapp.controllers.CategoryController.updateCategory(java.lang.Long,com.project.shopapp.dtos.CategoryDTO)]] with attributes [[authorize: 'hasRole('ROLE_ADMIN')', filter: 'null', filterTarget: 'null']]
2024-06-23 22:37:22.135 [main] DEBUG o.s.s.a.p.PrePostAnnotationSecurityMetadataSource - @org.springframework.security.access.prepost.PreAuthorize("hasRole(\'ROLE_ADMIN\')") found on specific method: public org.springframework.http.ResponseEntity com.project.shopapp.controllers.CategoryController.deleteCategory(java.lang.Long) throws java.lang.Exception
2024-06-23 22:37:22.136 [main] DEBUG o.s.s.a.m.DelegatingMethodSecurityMetadataSource - Caching method [CacheKey[com.project.shopapp.controllers.CategoryController; public org.springframework.http.ResponseEntity com.project.shopapp.controllers.CategoryController.deleteCategory(java.lang.Long) throws java.lang.Exception]] with attributes [[authorize: 'hasRole('ROLE_ADMIN')', filter: 'null', filterTarget: 'null']]
2024-06-23 22:37:22.257 [main] DEBUG o.s.s.a.p.PrePostAnnotationSecurityMetadataSource - @org.springframework.security.access.prepost.PreAuthorize("hasRole(\'ROLE_ADMIN\') or hasRole(\'ROLE_USER\')") found on specific method: public org.springframework.http.ResponseEntity com.project.shopapp.controllers.CommentController.insertComment(com.project.shopapp.dtos.CommentDTO)
2024-06-23 22:37:22.258 [main] DEBUG o.s.s.a.m.DelegatingMethodSecurityMetadataSource - Caching method [CacheKey[com.project.shopapp.controllers.CommentController; public org.springframework.http.ResponseEntity com.project.shopapp.controllers.CommentController.insertComment(com.project.shopapp.dtos.CommentDTO)]] with attributes [[authorize: 'hasRole('ROLE_ADMIN') or hasRole('ROLE_USER')', filter: 'null', filterTarget: 'null']]
2024-06-23 22:37:22.261 [main] DEBUG o.s.s.a.p.PrePostAnnotationSecurityMetadataSource - @org.springframework.security.access.prepost.PreAuthorize("hasRole(\'ROLE_ADMIN\') or hasRole(\'ROLE_USER\')") found on specific method: public org.springframework.http.ResponseEntity com.project.shopapp.controllers.CommentController.updateComment(java.lang.Long,com.project.shopapp.dtos.CommentDTO) throws java.lang.Exception
2024-06-23 22:37:22.261 [main] DEBUG o.s.s.a.m.DelegatingMethodSecurityMetadataSource - Caching method [CacheKey[com.project.shopapp.controllers.CommentController; public org.springframework.http.ResponseEntity com.project.shopapp.controllers.CommentController.updateComment(java.lang.Long,com.project.shopapp.dtos.CommentDTO) throws java.lang.Exception]] with attributes [[authorize: 'hasRole('ROLE_ADMIN') or hasRole('ROLE_USER')', filter: 'null', filterTarget: 'null']]
2024-06-23 22:37:22.439 [main] DEBUG o.s.s.a.p.PrePostAnnotationSecurityMetadataSource - @org.springframework.security.access.prepost.PreAuthorize("hasRole(\'ROLE_ADMIN\') or hasRole(\'ROLE_USER\')") found on specific method: public org.springframework.http.ResponseEntity com.project.shopapp.controllers.OrderController.createOrder(com.project.shopapp.dtos.OrderDTO,org.springframework.validation.BindingResult) throws java.lang.Exception
2024-06-23 22:37:22.440 [main] DEBUG o.s.s.a.m.DelegatingMethodSecurityMetadataSource - Caching method [CacheKey[com.project.shopapp.controllers.OrderController; public org.springframework.http.ResponseEntity com.project.shopapp.controllers.OrderController.createOrder(com.project.shopapp.dtos.OrderDTO,org.springframework.validation.BindingResult) throws java.lang.Exception]] with attributes [[authorize: 'hasRole('ROLE_ADMIN') or hasRole('ROLE_USER')', filter: 'null', filterTarget: 'null']]
2024-06-23 22:37:22.444 [main] DEBUG o.s.s.a.p.PrePostAnnotationSecurityMetadataSource - @org.springframework.security.access.prepost.PreAuthorize("hasRole(\'ROLE_ADMIN\')") found on specific method: public org.springframework.http.ResponseEntity com.project.shopapp.controllers.OrderController.updateOrder(long,com.project.shopapp.dtos.OrderDTO) throws java.lang.Exception
2024-06-23 22:37:22.445 [main] DEBUG o.s.s.a.m.DelegatingMethodSecurityMetadataSource - Caching method [CacheKey[com.project.shopapp.controllers.OrderController; public org.springframework.http.ResponseEntity com.project.shopapp.controllers.OrderController.updateOrder(long,com.project.shopapp.dtos.OrderDTO) throws java.lang.Exception]] with attributes [[authorize: 'hasRole('ROLE_ADMIN')', filter: 'null', filterTarget: 'null']]
2024-06-23 22:37:22.445 [main] DEBUG o.s.s.a.p.PrePostAnnotationSecurityMetadataSource - @org.springframework.security.access.prepost.PreAuthorize("hasRole(\'ROLE_ADMIN\')") found on specific method: public org.springframework.http.ResponseEntity com.project.shopapp.controllers.OrderController.deleteOrder(java.lang.Long)
2024-06-23 22:37:22.445 [main] DEBUG o.s.s.a.m.DelegatingMethodSecurityMetadataSource - Caching method [CacheKey[com.project.shopapp.controllers.OrderController; public org.springframework.http.ResponseEntity com.project.shopapp.controllers.OrderController.deleteOrder(java.lang.Long)]] with attributes [[authorize: 'hasRole('ROLE_ADMIN')', filter: 'null', filterTarget: 'null']]
2024-06-23 22:37:22.465 [main] DEBUG o.s.s.a.p.PrePostAnnotationSecurityMetadataSource - @org.springframework.security.access.prepost.PreAuthorize("hasRole(\'ROLE_ADMIN\') or hasRole(\'ROLE_USER\')") found on specific method: public org.springframework.http.ResponseEntity com.project.shopapp.controllers.OrderDetailController.getOrderDetail(java.lang.Long) throws com.project.shopapp.exceptions.DataNotFoundException
2024-06-23 22:37:22.466 [main] DEBUG o.s.s.a.m.DelegatingMethodSecurityMetadataSource - Caching method [CacheKey[com.project.shopapp.controllers.OrderDetailController; public org.springframework.http.ResponseEntity com.project.shopapp.controllers.OrderDetailController.getOrderDetail(java.lang.Long) throws com.project.shopapp.exceptions.DataNotFoundException]] with attributes [[authorize: 'hasRole('ROLE_ADMIN') or hasRole('ROLE_USER')', filter: 'null', filterTarget: 'null']]
2024-06-23 22:37:22.469 [main] DEBUG o.s.s.a.p.PrePostAnnotationSecurityMetadataSource - @org.springframework.security.access.prepost.PreAuthorize("hasRole(\'ROLE_ADMIN\') or hasRole(\'ROLE_USER\')") found on specific method: public org.springframework.http.ResponseEntity com.project.shopapp.controllers.OrderDetailController.createOrderDetail(com.project.shopapp.dtos.OrderDetailDTO)
2024-06-23 22:37:22.470 [main] DEBUG o.s.s.a.m.DelegatingMethodSecurityMetadataSource - Caching method [CacheKey[com.project.shopapp.controllers.OrderDetailController; public org.springframework.http.ResponseEntity com.project.shopapp.controllers.OrderDetailController.createOrderDetail(com.project.shopapp.dtos.OrderDetailDTO)]] with attributes [[authorize: 'hasRole('ROLE_ADMIN') or hasRole('ROLE_USER')', filter: 'null', filterTarget: 'null']]
2024-06-23 22:37:22.471 [main] DEBUG o.s.s.a.p.PrePostAnnotationSecurityMetadataSource - @org.springframework.security.access.prepost.PreAuthorize("hasRole(\'ROLE_ADMIN\') or hasRole(\'ROLE_USER\')") found on specific method: public org.springframework.http.ResponseEntity com.project.shopapp.controllers.OrderDetailController.deleteOrderDetail(java.lang.Long)
2024-06-23 22:37:22.471 [main] DEBUG o.s.s.a.m.DelegatingMethodSecurityMetadataSource - Caching method [CacheKey[com.project.shopapp.controllers.OrderDetailController; public org.springframework.http.ResponseEntity com.project.shopapp.controllers.OrderDetailController.deleteOrderDetail(java.lang.Long)]] with attributes [[authorize: 'hasRole('ROLE_ADMIN') or hasRole('ROLE_USER')', filter: 'null', filterTarget: 'null']]
2024-06-23 22:37:22.471 [main] DEBUG o.s.s.a.p.PrePostAnnotationSecurityMetadataSource - @org.springframework.security.access.prepost.PreAuthorize("hasRole(\'ROLE_ADMIN\') or hasRole(\'ROLE_USER\')") found on specific method: public org.springframework.http.ResponseEntity com.project.shopapp.controllers.OrderDetailController.updateOrderDetail(java.lang.Long,com.project.shopapp.dtos.OrderDetailDTO) throws com.project.shopapp.exceptions.DataNotFoundException,java.lang.Exception
2024-06-23 22:37:22.471 [main] DEBUG o.s.s.a.m.DelegatingMethodSecurityMetadataSource - Caching method [CacheKey[com.project.shopapp.controllers.OrderDetailController; public org.springframework.http.ResponseEntity com.project.shopapp.controllers.OrderDetailController.updateOrderDetail(java.lang.Long,com.project.shopapp.dtos.OrderDetailDTO) throws com.project.shopapp.exceptions.DataNotFoundException,java.lang.Exception]] with attributes [[authorize: 'hasRole('ROLE_ADMIN') or hasRole('ROLE_USER')', filter: 'null', filterTarget: 'null']]
2024-06-23 22:37:22.525 [main] DEBUG o.s.s.a.p.PrePostAnnotationSecurityMetadataSource - @org.springframework.security.access.prepost.PreAuthorize("hasRole(\'ROLE_ADMIN\')") found on specific method: public org.springframework.http.ResponseEntity com.project.shopapp.controllers.ProductController.updateProduct(long,com.project.shopapp.dtos.ProductDTO)
2024-06-23 22:37:22.526 [main] DEBUG o.s.s.a.m.DelegatingMethodSecurityMetadataSource - Caching method [CacheKey[com.project.shopapp.controllers.ProductController; public org.springframework.http.ResponseEntity com.project.shopapp.controllers.ProductController.updateProduct(long,com.project.shopapp.dtos.ProductDTO)]] with attributes [[authorize: 'hasRole('ROLE_ADMIN')', filter: 'null', filterTarget: 'null']]
2024-06-23 22:37:22.530 [main] DEBUG o.s.s.a.p.PrePostAnnotationSecurityMetadataSource - @org.springframework.security.access.prepost.PreAuthorize("hasRole(\'ROLE_ADMIN\')") found on specific method: public org.springframework.http.ResponseEntity com.project.shopapp.controllers.ProductController.createProduct(com.project.shopapp.dtos.ProductDTO,org.springframework.validation.BindingResult)
2024-06-23 22:37:22.531 [main] DEBUG o.s.s.a.m.DelegatingMethodSecurityMetadataSource - Caching method [CacheKey[com.project.shopapp.controllers.ProductController; public org.springframework.http.ResponseEntity com.project.shopapp.controllers.ProductController.createProduct(com.project.shopapp.dtos.ProductDTO,org.springframework.validation.BindingResult)]] with attributes [[authorize: 'hasRole('ROLE_ADMIN')', filter: 'null', filterTarget: 'null']]
2024-06-23 22:37:22.532 [main] DEBUG o.s.s.a.p.PrePostAnnotationSecurityMetadataSource - @org.springframework.security.access.prepost.PreAuthorize("hasRole(\'ROLE_ADMIN\')") found on specific method: public org.springframework.http.ResponseEntity com.project.shopapp.controllers.ProductController.deleteProduct(long)
2024-06-23 22:37:22.532 [main] DEBUG o.s.s.a.m.DelegatingMethodSecurityMetadataSource - Caching method [CacheKey[com.project.shopapp.controllers.ProductController; public org.springframework.http.ResponseEntity com.project.shopapp.controllers.ProductController.deleteProduct(long)]] with attributes [[authorize: 'hasRole('ROLE_ADMIN')', filter: 'null', filterTarget: 'null']]
2024-06-23 22:37:22.532 [main] DEBUG o.s.s.a.p.PrePostAnnotationSecurityMetadataSource - @org.springframework.security.access.prepost.PreAuthorize("hasRole(\'ROLE_ADMIN\')") found on specific method: public org.springframework.http.ResponseEntity com.project.shopapp.controllers.ProductController.uploadImages(java.lang.Long,java.util.List)
2024-06-23 22:37:22.533 [main] DEBUG o.s.s.a.m.DelegatingMethodSecurityMetadataSource - Caching method [CacheKey[com.project.shopapp.controllers.ProductController; public org.springframework.http.ResponseEntity com.project.shopapp.controllers.ProductController.uploadImages(java.lang.Long,java.util.List)]] with attributes [[authorize: 'hasRole('ROLE_ADMIN')', filter: 'null', filterTarget: 'null']]
2024-06-23 22:37:22.690 [main] DEBUG o.s.s.a.p.PrePostAnnotationSecurityMetadataSource - @org.springframework.security.access.prepost.PreAuthorize("hasRole(\'ROLE_ADMIN\')") found on specific method: public org.springframework.http.ResponseEntity com.project.shopapp.controllers.UserController.getAllUser(java.lang.String,int,int) throws java.lang.Exception
2024-06-23 22:37:22.691 [main] DEBUG o.s.s.a.m.DelegatingMethodSecurityMetadataSource - Caching method [CacheKey[com.project.shopapp.controllers.UserController; public org.springframework.http.ResponseEntity com.project.shopapp.controllers.UserController.getAllUser(java.lang.String,int,int) throws java.lang.Exception]] with attributes [[authorize: 'hasRole('ROLE_ADMIN')', filter: 'null', filterTarget: 'null']]
2024-06-23 22:37:22.706 [main] DEBUG o.s.s.a.p.PrePostAnnotationSecurityMetadataSource - @org.springframework.security.access.prepost.PreAuthorize("hasRole(\'ROLE_ADMIN\')") found on specific method: public org.springframework.http.ResponseEntity com.project.shopapp.controllers.UserController.resetPassword(long)
2024-06-23 22:37:22.707 [main] DEBUG o.s.s.a.m.DelegatingMethodSecurityMetadataSource - Caching method [CacheKey[com.project.shopapp.controllers.UserController; public org.springframework.http.ResponseEntity com.project.shopapp.controllers.UserController.resetPassword(long)]] with attributes [[authorize: 'hasRole('ROLE_ADMIN')', filter: 'null', filterTarget: 'null']]
2024-06-23 22:37:22.707 [main] DEBUG o.s.s.a.p.PrePostAnnotationSecurityMetadataSource - @org.springframework.security.access.prepost.PreAuthorize("hasRole(\'ROLE_ADMIN\') or hasRole(\'ROLE_USER\')") found on specific method: public org.springframework.http.ResponseEntity com.project.shopapp.controllers.UserController.updateUserDetails(java.lang.Long,com.project.shopapp.dtos.UpdateUserDTO,java.lang.String) throws java.lang.Exception
2024-06-23 22:37:22.708 [main] DEBUG o.s.s.a.m.DelegatingMethodSecurityMetadataSource - Caching method [CacheKey[com.project.shopapp.controllers.UserController; public org.springframework.http.ResponseEntity com.project.shopapp.controllers.UserController.updateUserDetails(java.lang.Long,com.project.shopapp.dtos.UpdateUserDTO,java.lang.String) throws java.lang.Exception]] with attributes [[authorize: 'hasRole('ROLE_ADMIN') or hasRole('ROLE_USER')', filter: 'null', filterTarget: 'null']]
2024-06-23 22:37:22.708 [main] DEBUG o.s.s.a.p.PrePostAnnotationSecurityMetadataSource - @org.springframework.security.access.prepost.PreAuthorize("hasRole(\'ROLE_ADMIN\')") found on specific method: public org.springframework.http.ResponseEntity com.project.shopapp.controllers.UserController.blockOrEnable(long,int) throws java.lang.Exception
2024-06-23 22:37:22.708 [main] DEBUG o.s.s.a.m.DelegatingMethodSecurityMetadataSource - Caching method [CacheKey[com.project.shopapp.controllers.UserController; public org.springframework.http.ResponseEntity com.project.shopapp.controllers.UserController.blockOrEnable(long,int) throws java.lang.Exception]] with attributes [[authorize: 'hasRole('ROLE_ADMIN')', filter: 'null', filterTarget: 'null']]
2024-06-23 22:37:22.708 [main] DEBUG o.s.s.a.p.PrePostAnnotationSecurityMetadataSource - @org.springframework.security.access.prepost.PreAuthorize("hasRole(\'ROLE_ADMIN\') or hasRole(\'ROLE_USER\')") found on specific method: public org.springframework.http.ResponseEntity com.project.shopapp.controllers.UserController.getUserDetails(java.lang.String) throws java.lang.Exception
2024-06-23 22:37:22.708 [main] DEBUG o.s.s.a.m.DelegatingMethodSecurityMetadataSource - Caching method [CacheKey[com.project.shopapp.controllers.UserController; public org.springframework.http.ResponseEntity com.project.shopapp.controllers.UserController.getUserDetails(java.lang.String) throws java.lang.Exception]] with attributes [[authorize: 'hasRole('ROLE_ADMIN') or hasRole('ROLE_USER')', filter: 'null', filterTarget: 'null']]
2024-06-23 22:37:22.839 [main] DEBUG o.s.w.s.m.m.a.RequestMappingHandlerMapping - 44 mappings in 'requestMappingHandlerMapping'
2024-06-23 22:37:22.870 [main] DEBUG o.s.w.s.h.SimpleUrlHandlerMapping - Patterns [/swagger-ui*/*swagger-initializer.js, /swagger-ui*/**] in 'resourceHandlerMapping'
2024-06-23 22:37:22.923 [main] INFO  o.s.s.web.DefaultSecurityFilterChain - Will secure Or [Mvc [pattern='EndpointRequestMatcher includes=[*], excludes=[], includeLinks=true']] with [org.springframework.security.web.session.DisableEncodeUrlFilter@599fab92, org.springframework.security.web.context.request.async.WebAsyncManagerIntegrationFilter@439054a7, org.springframework.security.web.context.SecurityContextHolderFilter@4c69b396, org.springframework.security.web.header.HeaderWriterFilter@27d4513e, org.springframework.security.web.authentication.logout.LogoutFilter@59e67a18, com.project.shopapp.filters.JwtTokenFilter@36696821, org.springframework.security.web.savedrequest.RequestCacheAwareFilter@4d5d945d, org.springframework.security.web.servletapi.SecurityContextHolderAwareRequestFilter@60c33609, org.springframework.security.web.authentication.AnonymousAuthenticationFilter@4fc1eee5, org.springframework.security.web.access.ExceptionTranslationFilter@435a4d2d, org.springframework.security.web.access.intercept.AuthorizationFilter@106387cf]
2024-06-23 22:37:22.940 [main] WARN  o.s.s.c.a.web.builders.WebSecurity - 

********************************************************************
**********        Security debugging is enabled.       *************
**********    This may include sensitive information.  *************
**********      Do not use in a production system!     *************
********************************************************************


2024-06-23 22:37:23.015 [main] DEBUG o.s.w.s.m.m.a.RequestMappingHandlerAdapter - ControllerAdvice beans: 0 @ModelAttribute, 0 @InitBinder, 1 RequestBodyAdvice, 1 ResponseBodyAdvice
2024-06-23 22:37:23.062 [main] DEBUG o.s.w.s.m.m.a.ExceptionHandlerExceptionResolver - ControllerAdvice beans: 2 @ExceptionHandler, 1 ResponseBodyAdvice
2024-06-23 22:37:23.715 [main] INFO  o.a.coyote.http11.Http11NioProtocol - Starting ProtocolHandler ["http-nio-8088"]
2024-06-23 22:37:23.735 [main] INFO  o.s.b.w.e.tomcat.TomcatWebServer - Tomcat started on port(s): 8088 (http) with context path ''
2024-06-23 22:37:23.750 [main] INFO  c.project.shopapp.ShopappApplication - Started ShopappApplication in 23.926 seconds (process running for 24.612)
2024-06-23 22:39:42.947 [http-nio-8088-exec-4] INFO  o.a.c.c.C.[Tomcat].[localhost].[/] - Initializing Spring DispatcherServlet 'dispatcherServlet'
2024-06-23 22:39:42.948 [http-nio-8088-exec-4] INFO  o.s.web.servlet.DispatcherServlet - Initializing Servlet 'dispatcherServlet'
2024-06-23 22:39:42.948 [http-nio-8088-exec-4] DEBUG o.s.web.servlet.DispatcherServlet - Detected StandardServletMultipartResolver
2024-06-23 22:39:42.948 [http-nio-8088-exec-4] DEBUG o.s.web.servlet.DispatcherServlet - Detected AcceptHeaderLocaleResolver
2024-06-23 22:39:42.948 [http-nio-8088-exec-4] DEBUG o.s.web.servlet.DispatcherServlet - Detected FixedThemeResolver
2024-06-23 22:39:42.949 [http-nio-8088-exec-4] DEBUG o.s.web.servlet.DispatcherServlet - Detected org.springframework.web.servlet.view.DefaultRequestToViewNameTranslator@380cd266
2024-06-23 22:39:42.950 [http-nio-8088-exec-4] DEBUG o.s.web.servlet.DispatcherServlet - Detected org.springframework.web.servlet.support.SessionFlashMapManager@25dacc5a
2024-06-23 22:39:42.950 [http-nio-8088-exec-4] DEBUG o.s.web.servlet.DispatcherServlet - enableLoggingRequestDetails='false': request parameters and headers will be masked to prevent unsafe logging of potentially sensitive data
2024-06-23 22:39:42.950 [http-nio-8088-exec-4] INFO  o.s.web.servlet.DispatcherServlet - Completed initialization in 2 ms
2024-06-23 22:39:42.975 [http-nio-8088-exec-2] DEBUG o.s.w.s.h.SimpleUrlHandlerMapping - Mapped to ResourceHttpRequestHandler [classpath [META-INF/resources/webjars/]]
2024-06-23 22:39:42.976 [http-nio-8088-exec-3] DEBUG o.s.w.s.h.SimpleUrlHandlerMapping - Mapped to ResourceHttpRequestHandler [classpath [META-INF/resources/webjars/]]
2024-06-23 22:39:42.976 [http-nio-8088-exec-1] DEBUG o.s.w.s.h.SimpleUrlHandlerMapping - Mapped to ResourceHttpRequestHandler [classpath [META-INF/resources/webjars/]]
2024-06-23 22:39:42.976 [http-nio-8088-exec-4] DEBUG o.s.w.s.h.SimpleUrlHandlerMapping - Mapped to ResourceHttpRequestHandler [classpath [META-INF/resources/webjars/]]
2024-06-23 22:39:42.976 [http-nio-8088-exec-5] DEBUG o.s.w.s.h.SimpleUrlHandlerMapping - Mapped to ResourceHttpRequestHandler [classpath [META-INF/resources/webjars/]]
2024-06-23 22:39:42.980 [http-nio-8088-exec-5] INFO  Spring Security Debugger - 

************************************************************

Request received for GET '/swagger-ui/swagger-ui-bundle.js':

org.apache.catalina.connector.RequestFacade@6d454817

servletPath:/swagger-ui/swagger-ui-bundle.js
pathInfo:null
headers: 
host: localhost:8088
connection: keep-alive
sec-ch-ua: "Not/A)Brand";v="8", "Chromium";v="126", "Google Chrome";v="126"
sec-ch-ua-mobile: ?0
user-agent: Mozilla/5.0 (Windows NT 10.0; Win64; x64) AppleWebKit/537.36 (KHTML, like Gecko) Chrome/126.0.0.0 Safari/537.36
sec-ch-ua-platform: "Windows"
accept: */*
sec-fetch-site: same-origin
sec-fetch-mode: no-cors
sec-fetch-dest: script
referer: http://localhost:8088/swagger-ui/index.html
accept-encoding: gzip, deflate, br, zstd
accept-language: vi-VN,vi;q=0.9,en-US;q=0.8,en;q=0.7
cookie: cids=1; frontend_lang=en_US; session_id=cd7c4df2afa04bd735e0ca81a1924ddc43713a0a


Security filter chain: no match


************************************************************


2024-06-23 22:39:42.980 [http-nio-8088-exec-2] INFO  Spring Security Debugger - 

************************************************************

Request received for GET '/swagger-ui/index.css':

org.apache.catalina.connector.RequestFacade@4d417b1a

servletPath:/swagger-ui/index.css
pathInfo:null
headers: 
host: localhost:8088
connection: keep-alive
sec-ch-ua: "Not/A)Brand";v="8", "Chromium";v="126", "Google Chrome";v="126"
sec-ch-ua-mobile: ?0
user-agent: Mozilla/5.0 (Windows NT 10.0; Win64; x64) AppleWebKit/537.36 (KHTML, like Gecko) Chrome/126.0.0.0 Safari/537.36
sec-ch-ua-platform: "Windows"
accept: text/css,*/*;q=0.1
sec-fetch-site: same-origin
sec-fetch-mode: no-cors
sec-fetch-dest: style
referer: http://localhost:8088/swagger-ui/index.html
accept-encoding: gzip, deflate, br, zstd
accept-language: vi-VN,vi;q=0.9,en-US;q=0.8,en;q=0.7
cookie: cids=1; frontend_lang=en_US; session_id=cd7c4df2afa04bd735e0ca81a1924ddc43713a0a


Security filter chain: no match


************************************************************


2024-06-23 22:39:42.980 [http-nio-8088-exec-4] INFO  Spring Security Debugger - 

************************************************************

Request received for GET '/swagger-ui/swagger-initializer.js':

org.apache.catalina.connector.RequestFacade@113df2a3

servletPath:/swagger-ui/swagger-initializer.js
pathInfo:null
headers: 
host: localhost:8088
connection: keep-alive
sec-ch-ua: "Not/A)Brand";v="8", "Chromium";v="126", "Google Chrome";v="126"
sec-ch-ua-mobile: ?0
user-agent: Mozilla/5.0 (Windows NT 10.0; Win64; x64) AppleWebKit/537.36 (KHTML, like Gecko) Chrome/126.0.0.0 Safari/537.36
sec-ch-ua-platform: "Windows"
accept: */*
sec-fetch-site: same-origin
sec-fetch-mode: no-cors
sec-fetch-dest: script
referer: http://localhost:8088/swagger-ui/index.html
accept-encoding: gzip, deflate, br, zstd
accept-language: vi-VN,vi;q=0.9,en-US;q=0.8,en;q=0.7
cookie: cids=1; frontend_lang=en_US; session_id=cd7c4df2afa04bd735e0ca81a1924ddc43713a0a


Security filter chain: no match


************************************************************


2024-06-23 22:39:42.980 [http-nio-8088-exec-3] INFO  Spring Security Debugger - 

************************************************************

Request received for GET '/swagger-ui/swagger-ui.css':

org.apache.catalina.connector.RequestFacade@75dfb7c4

servletPath:/swagger-ui/swagger-ui.css
pathInfo:null
headers: 
host: localhost:8088
connection: keep-alive
sec-ch-ua: "Not/A)Brand";v="8", "Chromium";v="126", "Google Chrome";v="126"
sec-ch-ua-mobile: ?0
user-agent: Mozilla/5.0 (Windows NT 10.0; Win64; x64) AppleWebKit/537.36 (KHTML, like Gecko) Chrome/126.0.0.0 Safari/537.36
sec-ch-ua-platform: "Windows"
accept: text/css,*/*;q=0.1
sec-fetch-site: same-origin
sec-fetch-mode: no-cors
sec-fetch-dest: style
referer: http://localhost:8088/swagger-ui/index.html
accept-encoding: gzip, deflate, br, zstd
accept-language: vi-VN,vi;q=0.9,en-US;q=0.8,en;q=0.7
cookie: cids=1; frontend_lang=en_US; session_id=cd7c4df2afa04bd735e0ca81a1924ddc43713a0a


Security filter chain: no match


************************************************************


2024-06-23 22:39:42.980 [http-nio-8088-exec-1] INFO  Spring Security Debugger - 

************************************************************

Request received for GET '/swagger-ui/swagger-ui-standalone-preset.js':

org.apache.catalina.connector.RequestFacade@786b698d

servletPath:/swagger-ui/swagger-ui-standalone-preset.js
pathInfo:null
headers: 
host: localhost:8088
connection: keep-alive
sec-ch-ua: "Not/A)Brand";v="8", "Chromium";v="126", "Google Chrome";v="126"
sec-ch-ua-mobile: ?0
user-agent: Mozilla/5.0 (Windows NT 10.0; Win64; x64) AppleWebKit/537.36 (KHTML, like Gecko) Chrome/126.0.0.0 Safari/537.36
sec-ch-ua-platform: "Windows"
accept: */*
sec-fetch-site: same-origin
sec-fetch-mode: no-cors
sec-fetch-dest: script
referer: http://localhost:8088/swagger-ui/index.html
accept-encoding: gzip, deflate, br, zstd
accept-language: vi-VN,vi;q=0.9,en-US;q=0.8,en;q=0.7
cookie: cids=1; frontend_lang=en_US; session_id=cd7c4df2afa04bd735e0ca81a1924ddc43713a0a


Security filter chain: no match


************************************************************


2024-06-23 22:39:42.984 [http-nio-8088-exec-3] DEBUG o.s.w.s.h.SimpleUrlHandlerMapping - Mapped to ResourceHttpRequestHandler [classpath [META-INF/resources/webjars/]]
2024-06-23 22:39:42.984 [http-nio-8088-exec-2] DEBUG o.s.w.s.h.SimpleUrlHandlerMapping - Mapped to ResourceHttpRequestHandler [classpath [META-INF/resources/webjars/]]
2024-06-23 22:39:42.984 [http-nio-8088-exec-5] DEBUG o.s.w.s.h.SimpleUrlHandlerMapping - Mapped to ResourceHttpRequestHandler [classpath [META-INF/resources/webjars/]]
2024-06-23 22:39:42.984 [http-nio-8088-exec-1] DEBUG o.s.w.s.h.SimpleUrlHandlerMapping - Mapped to ResourceHttpRequestHandler [classpath [META-INF/resources/webjars/]]
2024-06-23 22:39:42.984 [http-nio-8088-exec-4] DEBUG o.s.w.s.h.SimpleUrlHandlerMapping - Mapped to ResourceHttpRequestHandler [classpath [META-INF/resources/webjars/]]
2024-06-23 22:39:42.993 [http-nio-8088-exec-4] DEBUG o.s.web.servlet.DispatcherServlet - GET "/swagger-ui/swagger-initializer.js", parameters={}
2024-06-23 22:39:42.993 [http-nio-8088-exec-2] DEBUG o.s.web.servlet.DispatcherServlet - GET "/swagger-ui/index.css", parameters={}
2024-06-23 22:39:42.993 [http-nio-8088-exec-3] DEBUG o.s.web.servlet.DispatcherServlet - GET "/swagger-ui/swagger-ui.css", parameters={}
2024-06-23 22:39:42.993 [http-nio-8088-exec-1] DEBUG o.s.web.servlet.DispatcherServlet - GET "/swagger-ui/swagger-ui-standalone-preset.js", parameters={}
2024-06-23 22:39:42.993 [http-nio-8088-exec-5] DEBUG o.s.web.servlet.DispatcherServlet - GET "/swagger-ui/swagger-ui-bundle.js", parameters={}
2024-06-23 22:39:42.996 [http-nio-8088-exec-2] DEBUG o.s.w.s.h.SimpleUrlHandlerMapping - Mapped to ResourceHttpRequestHandler [classpath [META-INF/resources/webjars/]]
2024-06-23 22:39:42.996 [http-nio-8088-exec-3] DEBUG o.s.w.s.h.SimpleUrlHandlerMapping - Mapped to ResourceHttpRequestHandler [classpath [META-INF/resources/webjars/]]
2024-06-23 22:39:42.996 [http-nio-8088-exec-5] DEBUG o.s.w.s.h.SimpleUrlHandlerMapping - Mapped to ResourceHttpRequestHandler [classpath [META-INF/resources/webjars/]]
2024-06-23 22:39:42.996 [http-nio-8088-exec-1] DEBUG o.s.w.s.h.SimpleUrlHandlerMapping - Mapped to ResourceHttpRequestHandler [classpath [META-INF/resources/webjars/]]
2024-06-23 22:39:42.996 [http-nio-8088-exec-4] DEBUG o.s.w.s.h.SimpleUrlHandlerMapping - Mapped to ResourceHttpRequestHandler [classpath [META-INF/resources/webjars/]]
2024-06-23 22:39:43.028 [http-nio-8088-exec-2] DEBUG o.s.web.servlet.DispatcherServlet - Completed 200 OK
2024-06-23 22:39:43.029 [http-nio-8088-exec-3] DEBUG o.s.web.servlet.DispatcherServlet - Completed 200 OK
2024-06-23 22:39:43.030 [http-nio-8088-exec-1] DEBUG o.s.web.servlet.DispatcherServlet - Completed 200 OK
2024-06-23 22:39:43.033 [http-nio-8088-exec-4] DEBUG o.s.web.servlet.DispatcherServlet - Completed 200 OK
2024-06-23 22:39:43.038 [http-nio-8088-exec-5] DEBUG o.s.web.servlet.DispatcherServlet - Completed 200 OK
2024-06-23 22:39:43.281 [http-nio-8088-exec-6] DEBUG o.s.w.s.m.m.a.RequestMappingHandlerMapping - Mapped to org.springdoc.webmvc.ui.SwaggerConfigResource#openapiJson(HttpServletRequest)
2024-06-23 22:39:43.281 [http-nio-8088-exec-6] INFO  Spring Security Debugger - 

************************************************************

Request received for GET '/api-docs/swagger-config':

org.apache.catalina.connector.RequestFacade@883e946

servletPath:/api-docs/swagger-config
pathInfo:null
headers: 
host: localhost:8088
connection: keep-alive
sec-ch-ua: "Not/A)Brand";v="8", "Chromium";v="126", "Google Chrome";v="126"
sec-ch-ua-mobile: ?0
user-agent: Mozilla/5.0 (Windows NT 10.0; Win64; x64) AppleWebKit/537.36 (KHTML, like Gecko) Chrome/126.0.0.0 Safari/537.36
sec-ch-ua-platform: "Windows"
accept: */*
sec-fetch-site: same-origin
sec-fetch-mode: cors
sec-fetch-dest: empty
referer: http://localhost:8088/swagger-ui/index.html
accept-encoding: gzip, deflate, br, zstd
accept-language: vi-VN,vi;q=0.9,en-US;q=0.8,en;q=0.7
cookie: cids=1; frontend_lang=en_US; session_id=cd7c4df2afa04bd735e0ca81a1924ddc43713a0a


Security filter chain: no match


************************************************************


2024-06-23 22:39:43.283 [http-nio-8088-exec-6] DEBUG o.s.w.s.m.m.a.RequestMappingHandlerMapping - Mapped to org.springdoc.webmvc.ui.SwaggerConfigResource#openapiJson(HttpServletRequest)
2024-06-23 22:39:43.283 [http-nio-8088-exec-6] DEBUG o.s.web.servlet.DispatcherServlet - GET "/api-docs/swagger-config", parameters={}
2024-06-23 22:39:43.284 [http-nio-8088-exec-6] DEBUG o.s.w.s.m.m.a.RequestMappingHandlerMapping - Mapped to org.springdoc.webmvc.ui.SwaggerConfigResource#openapiJson(HttpServletRequest)
2024-06-23 22:39:43.294 [http-nio-8088-exec-6] INFO  c.p.s.c.aspects.PerformanceAspect - Starting execution of openapiJson
2024-06-23 22:39:43.294 [http-nio-8088-exec-6] INFO  c.p.s.c.aspects.PerformanceAspect - Finished execution of openapiJson
2024-06-23 22:39:43.295 [http-nio-8088-exec-6] INFO  c.p.s.c.aspects.PerformanceAspect - Execution of openapiJson took 1 ms
2024-06-23 22:39:43.298 [http-nio-8088-exec-6] DEBUG o.s.w.s.m.m.a.RequestResponseBodyMethodProcessor - Using 'application/json', given [*/*] and supported [application/json]
2024-06-23 22:39:43.299 [http-nio-8088-exec-6] DEBUG o.s.w.s.m.m.a.RequestResponseBodyMethodProcessor - Writing [{configUrl=/api-docs/swagger-config, oauth2RedirectUrl=http://localhost:8088/swagger-ui/oauth2-redir (truncated)...]
2024-06-23 22:39:43.305 [http-nio-8088-exec-6] DEBUG o.s.web.servlet.DispatcherServlet - Completed 200 OK
2024-06-23 22:39:43.312 [http-nio-8088-exec-7] DEBUG o.s.w.s.m.m.a.RequestMappingHandlerMapping - Mapped to org.springdoc.webmvc.api.OpenApiWebMvcResource#openapiJson(HttpServletRequest, String, Locale)
2024-06-23 22:39:43.313 [http-nio-8088-exec-7] INFO  Spring Security Debugger - 

************************************************************

Request received for GET '/api-docs':

org.apache.catalina.connector.RequestFacade@6a3b2414

servletPath:/api-docs
pathInfo:null
headers: 
host: localhost:8088
connection: keep-alive
sec-ch-ua: "Not/A)Brand";v="8", "Chromium";v="126", "Google Chrome";v="126"
accept: application/json,*/*
sec-ch-ua-mobile: ?0
user-agent: Mozilla/5.0 (Windows NT 10.0; Win64; x64) AppleWebKit/537.36 (KHTML, like Gecko) Chrome/126.0.0.0 Safari/537.36
sec-ch-ua-platform: "Windows"
sec-fetch-site: same-origin
sec-fetch-mode: cors
sec-fetch-dest: empty
referer: http://localhost:8088/swagger-ui/index.html
accept-encoding: gzip, deflate, br, zstd
accept-language: vi-VN,vi;q=0.9,en-US;q=0.8,en;q=0.7
cookie: cids=1; frontend_lang=en_US; session_id=cd7c4df2afa04bd735e0ca81a1924ddc43713a0a


Security filter chain: no match


************************************************************


2024-06-23 22:39:43.313 [http-nio-8088-exec-7] DEBUG o.s.w.s.m.m.a.RequestMappingHandlerMapping - Mapped to org.springdoc.webmvc.api.OpenApiWebMvcResource#openapiJson(HttpServletRequest, String, Locale)
2024-06-23 22:39:43.313 [http-nio-8088-exec-7] DEBUG o.s.web.servlet.DispatcherServlet - GET "/api-docs", parameters={}
2024-06-23 22:39:43.314 [http-nio-8088-exec-7] DEBUG o.s.w.s.m.m.a.RequestMappingHandlerMapping - Mapped to org.springdoc.webmvc.api.OpenApiWebMvcResource#openapiJson(HttpServletRequest, String, Locale)
2024-06-23 22:39:43.327 [http-nio-8088-exec-7] INFO  c.p.s.c.aspects.PerformanceAspect - Starting execution of openapiJson
2024-06-23 22:39:44.195 [http-nio-8088-exec-7] INFO  o.s.api.AbstractOpenApiResource - Init duration for springdoc-openapi is: 868 ms
2024-06-23 22:39:44.245 [http-nio-8088-exec-7] INFO  c.p.s.c.aspects.PerformanceAspect - Finished execution of openapiJson
2024-06-23 22:39:44.245 [http-nio-8088-exec-7] INFO  c.p.s.c.aspects.PerformanceAspect - Execution of openapiJson took 918 ms
2024-06-23 22:39:44.246 [http-nio-8088-exec-7] DEBUG o.s.w.s.m.m.a.RequestResponseBodyMethodProcessor - Using 'application/json', given [application/json, */*] and supported [application/json]
2024-06-23 22:39:44.262 [http-nio-8088-exec-7] DEBUG o.s.w.s.m.m.a.RequestResponseBodyMethodProcessor - Writing [{123, 34, 111, 112, 101, 110, 97, 112, 105, 34, 58, 34, 51, 46, 48, 46, 49, 34, 44, 34, 105, 110, 10 (truncated)...]
2024-06-23 22:39:44.263 [http-nio-8088-exec-7] DEBUG o.s.web.servlet.DispatcherServlet - Completed 200 OK
2024-06-23 22:44:33.920 [http-nio-8088-exec-2] DEBUG o.s.w.s.h.SimpleUrlHandlerMapping - Mapped to ResourceHttpRequestHandler [classpath [META-INF/resources/webjars/]]
2024-06-23 22:44:33.920 [http-nio-8088-exec-2] INFO  Spring Security Debugger - 

************************************************************

Request received for GET '/swagger-ui/swagger-ui.css':

org.apache.catalina.connector.RequestFacade@19d8ee8c

servletPath:/swagger-ui/swagger-ui.css
pathInfo:null
headers: 
host: localhost:8088
connection: keep-alive
sec-ch-ua: "Not/A)Brand";v="8", "Chromium";v="126", "Google Chrome";v="126"
sec-ch-ua-mobile: ?0
user-agent: Mozilla/5.0 (Windows NT 10.0; Win64; x64) AppleWebKit/537.36 (KHTML, like Gecko) Chrome/126.0.0.0 Safari/537.36
sec-ch-ua-platform: "Windows"
accept: text/css,*/*;q=0.1
sec-fetch-site: same-origin
sec-fetch-mode: no-cors
sec-fetch-dest: style
referer: http://localhost:8088/swagger-ui/index.html
accept-encoding: gzip, deflate, br, zstd
accept-language: vi-VN,vi;q=0.9,en-US;q=0.8,en;q=0.7
cookie: cids=1; frontend_lang=en_US; session_id=cd7c4df2afa04bd735e0ca81a1924ddc43713a0a
if-modified-since: Sun, 23 Jun 2024 15:34:36 GMT


Security filter chain: no match


************************************************************


2024-06-23 22:44:33.922 [http-nio-8088-exec-2] DEBUG o.s.w.s.h.SimpleUrlHandlerMapping - Mapped to ResourceHttpRequestHandler [classpath [META-INF/resources/webjars/]]
2024-06-23 22:44:33.923 [http-nio-8088-exec-2] DEBUG o.s.web.servlet.DispatcherServlet - GET "/swagger-ui/swagger-ui.css", parameters={}
2024-06-23 22:44:33.923 [http-nio-8088-exec-2] DEBUG o.s.w.s.h.SimpleUrlHandlerMapping - Mapped to ResourceHttpRequestHandler [classpath [META-INF/resources/webjars/]]
2024-06-23 22:44:33.924 [http-nio-8088-exec-4] DEBUG o.s.w.s.h.SimpleUrlHandlerMapping - Mapped to ResourceHttpRequestHandler [classpath [META-INF/resources/webjars/]]
2024-06-23 22:44:33.924 [http-nio-8088-exec-4] INFO  Spring Security Debugger - 

************************************************************

Request received for GET '/swagger-ui/index.css':

org.apache.catalina.connector.RequestFacade@6c911431

servletPath:/swagger-ui/index.css
pathInfo:null
headers: 
host: localhost:8088
connection: keep-alive
sec-ch-ua: "Not/A)Brand";v="8", "Chromium";v="126", "Google Chrome";v="126"
sec-ch-ua-mobile: ?0
user-agent: Mozilla/5.0 (Windows NT 10.0; Win64; x64) AppleWebKit/537.36 (KHTML, like Gecko) Chrome/126.0.0.0 Safari/537.36
sec-ch-ua-platform: "Windows"
accept: text/css,*/*;q=0.1
sec-fetch-site: same-origin
sec-fetch-mode: no-cors
sec-fetch-dest: style
referer: http://localhost:8088/swagger-ui/index.html
accept-encoding: gzip, deflate, br, zstd
accept-language: vi-VN,vi;q=0.9,en-US;q=0.8,en;q=0.7
cookie: cids=1; frontend_lang=en_US; session_id=cd7c4df2afa04bd735e0ca81a1924ddc43713a0a
if-modified-since: Sun, 23 Jun 2024 15:34:36 GMT


Security filter chain: no match


************************************************************


2024-06-23 22:44:33.925 [http-nio-8088-exec-7] DEBUG o.s.w.s.h.SimpleUrlHandlerMapping - Mapped to ResourceHttpRequestHandler [classpath [META-INF/resources/webjars/]]
2024-06-23 22:44:33.925 [http-nio-8088-exec-6] DEBUG o.s.w.s.h.SimpleUrlHandlerMapping - Mapped to ResourceHttpRequestHandler [classpath [META-INF/resources/webjars/]]
2024-06-23 22:44:33.925 [http-nio-8088-exec-5] DEBUG o.s.w.s.h.SimpleUrlHandlerMapping - Mapped to ResourceHttpRequestHandler [classpath [META-INF/resources/webjars/]]
2024-06-23 22:44:33.925 [http-nio-8088-exec-4] DEBUG o.s.w.s.h.SimpleUrlHandlerMapping - Mapped to ResourceHttpRequestHandler [classpath [META-INF/resources/webjars/]]
2024-06-23 22:44:33.926 [http-nio-8088-exec-7] INFO  Spring Security Debugger - 

************************************************************

Request received for GET '/swagger-ui/swagger-ui-standalone-preset.js':

org.apache.catalina.connector.RequestFacade@73becf77

servletPath:/swagger-ui/swagger-ui-standalone-preset.js
pathInfo:null
headers: 
host: localhost:8088
connection: keep-alive
sec-ch-ua: "Not/A)Brand";v="8", "Chromium";v="126", "Google Chrome";v="126"
sec-ch-ua-mobile: ?0
user-agent: Mozilla/5.0 (Windows NT 10.0; Win64; x64) AppleWebKit/537.36 (KHTML, like Gecko) Chrome/126.0.0.0 Safari/537.36
sec-ch-ua-platform: "Windows"
accept: */*
sec-fetch-site: same-origin
sec-fetch-mode: no-cors
sec-fetch-dest: script
referer: http://localhost:8088/swagger-ui/index.html
accept-encoding: gzip, deflate, br, zstd
accept-language: vi-VN,vi;q=0.9,en-US;q=0.8,en;q=0.7
cookie: cids=1; frontend_lang=en_US; session_id=cd7c4df2afa04bd735e0ca81a1924ddc43713a0a
if-modified-since: Sun, 23 Jun 2024 15:34:36 GMT


Security filter chain: no match


************************************************************


2024-06-23 22:44:33.926 [http-nio-8088-exec-6] INFO  Spring Security Debugger - 

************************************************************

Request received for GET '/swagger-ui/swagger-ui-bundle.js':

org.apache.catalina.connector.RequestFacade@77c7351e

servletPath:/swagger-ui/swagger-ui-bundle.js
pathInfo:null
headers: 
host: localhost:8088
connection: keep-alive
sec-ch-ua: "Not/A)Brand";v="8", "Chromium";v="126", "Google Chrome";v="126"
sec-ch-ua-mobile: ?0
user-agent: Mozilla/5.0 (Windows NT 10.0; Win64; x64) AppleWebKit/537.36 (KHTML, like Gecko) Chrome/126.0.0.0 Safari/537.36
sec-ch-ua-platform: "Windows"
accept: */*
sec-fetch-site: same-origin
sec-fetch-mode: no-cors
sec-fetch-dest: script
referer: http://localhost:8088/swagger-ui/index.html
accept-encoding: gzip, deflate, br, zstd
accept-language: vi-VN,vi;q=0.9,en-US;q=0.8,en;q=0.7
cookie: cids=1; frontend_lang=en_US; session_id=cd7c4df2afa04bd735e0ca81a1924ddc43713a0a
if-modified-since: Sun, 23 Jun 2024 15:34:36 GMT


Security filter chain: no match


************************************************************


2024-06-23 22:44:33.926 [http-nio-8088-exec-5] INFO  Spring Security Debugger - 

************************************************************

Request received for GET '/swagger-ui/swagger-initializer.js':

org.apache.catalina.connector.RequestFacade@2f0d177c

servletPath:/swagger-ui/swagger-initializer.js
pathInfo:null
headers: 
host: localhost:8088
connection: keep-alive
sec-ch-ua: "Not/A)Brand";v="8", "Chromium";v="126", "Google Chrome";v="126"
sec-ch-ua-mobile: ?0
user-agent: Mozilla/5.0 (Windows NT 10.0; Win64; x64) AppleWebKit/537.36 (KHTML, like Gecko) Chrome/126.0.0.0 Safari/537.36
sec-ch-ua-platform: "Windows"
accept: */*
sec-fetch-site: same-origin
sec-fetch-mode: no-cors
sec-fetch-dest: script
referer: http://localhost:8088/swagger-ui/index.html
accept-encoding: gzip, deflate, br, zstd
accept-language: vi-VN,vi;q=0.9,en-US;q=0.8,en;q=0.7
cookie: cids=1; frontend_lang=en_US; session_id=cd7c4df2afa04bd735e0ca81a1924ddc43713a0a


Security filter chain: no match


************************************************************


2024-06-23 22:44:33.926 [http-nio-8088-exec-4] DEBUG o.s.web.servlet.DispatcherServlet - GET "/swagger-ui/index.css", parameters={}
2024-06-23 22:44:33.927 [http-nio-8088-exec-7] DEBUG o.s.w.s.h.SimpleUrlHandlerMapping - Mapped to ResourceHttpRequestHandler [classpath [META-INF/resources/webjars/]]
2024-06-23 22:44:33.927 [http-nio-8088-exec-6] DEBUG o.s.w.s.h.SimpleUrlHandlerMapping - Mapped to ResourceHttpRequestHandler [classpath [META-INF/resources/webjars/]]
2024-06-23 22:44:33.927 [http-nio-8088-exec-2] DEBUG o.s.web.servlet.DispatcherServlet - Completed 304 NOT_MODIFIED
2024-06-23 22:44:33.928 [http-nio-8088-exec-5] DEBUG o.s.w.s.h.SimpleUrlHandlerMapping - Mapped to ResourceHttpRequestHandler [classpath [META-INF/resources/webjars/]]
2024-06-23 22:44:33.928 [http-nio-8088-exec-4] DEBUG o.s.w.s.h.SimpleUrlHandlerMapping - Mapped to ResourceHttpRequestHandler [classpath [META-INF/resources/webjars/]]
2024-06-23 22:44:33.928 [http-nio-8088-exec-6] DEBUG o.s.web.servlet.DispatcherServlet - GET "/swagger-ui/swagger-ui-bundle.js", parameters={}
2024-06-23 22:44:33.928 [http-nio-8088-exec-7] DEBUG o.s.web.servlet.DispatcherServlet - GET "/swagger-ui/swagger-ui-standalone-preset.js", parameters={}
2024-06-23 22:44:33.928 [http-nio-8088-exec-5] DEBUG o.s.web.servlet.DispatcherServlet - GET "/swagger-ui/swagger-initializer.js", parameters={}
2024-06-23 22:44:33.928 [http-nio-8088-exec-6] DEBUG o.s.w.s.h.SimpleUrlHandlerMapping - Mapped to ResourceHttpRequestHandler [classpath [META-INF/resources/webjars/]]
2024-06-23 22:44:33.928 [http-nio-8088-exec-7] DEBUG o.s.w.s.h.SimpleUrlHandlerMapping - Mapped to ResourceHttpRequestHandler [classpath [META-INF/resources/webjars/]]
2024-06-23 22:44:33.928 [http-nio-8088-exec-5] DEBUG o.s.w.s.h.SimpleUrlHandlerMapping - Mapped to ResourceHttpRequestHandler [classpath [META-INF/resources/webjars/]]
2024-06-23 22:44:33.930 [http-nio-8088-exec-4] DEBUG o.s.web.servlet.DispatcherServlet - Completed 304 NOT_MODIFIED
2024-06-23 22:44:33.930 [http-nio-8088-exec-6] DEBUG o.s.web.servlet.DispatcherServlet - Completed 304 NOT_MODIFIED
2024-06-23 22:44:33.930 [http-nio-8088-exec-7] DEBUG o.s.web.servlet.DispatcherServlet - Completed 304 NOT_MODIFIED
2024-06-23 22:44:33.931 [http-nio-8088-exec-5] DEBUG o.s.web.servlet.DispatcherServlet - Completed 200 OK
2024-06-23 22:44:34.197 [http-nio-8088-exec-9] DEBUG o.s.w.s.m.m.a.RequestMappingHandlerMapping - Mapped to org.springdoc.webmvc.ui.SwaggerConfigResource#openapiJson(HttpServletRequest)
2024-06-23 22:44:34.197 [http-nio-8088-exec-9] INFO  Spring Security Debugger - 

************************************************************

Request received for GET '/api-docs/swagger-config':

org.apache.catalina.connector.RequestFacade@b4e3354

servletPath:/api-docs/swagger-config
pathInfo:null
headers: 
host: localhost:8088
connection: keep-alive
sec-ch-ua: "Not/A)Brand";v="8", "Chromium";v="126", "Google Chrome";v="126"
sec-ch-ua-mobile: ?0
user-agent: Mozilla/5.0 (Windows NT 10.0; Win64; x64) AppleWebKit/537.36 (KHTML, like Gecko) Chrome/126.0.0.0 Safari/537.36
sec-ch-ua-platform: "Windows"
accept: */*
sec-fetch-site: same-origin
sec-fetch-mode: cors
sec-fetch-dest: empty
referer: http://localhost:8088/swagger-ui/index.html
accept-encoding: gzip, deflate, br, zstd
accept-language: vi-VN,vi;q=0.9,en-US;q=0.8,en;q=0.7
cookie: cids=1; frontend_lang=en_US; session_id=cd7c4df2afa04bd735e0ca81a1924ddc43713a0a


Security filter chain: no match


************************************************************


2024-06-23 22:44:34.198 [http-nio-8088-exec-9] DEBUG o.s.w.s.m.m.a.RequestMappingHandlerMapping - Mapped to org.springdoc.webmvc.ui.SwaggerConfigResource#openapiJson(HttpServletRequest)
2024-06-23 22:44:34.198 [http-nio-8088-exec-9] DEBUG o.s.web.servlet.DispatcherServlet - GET "/api-docs/swagger-config", parameters={}
2024-06-23 22:44:34.199 [http-nio-8088-exec-9] DEBUG o.s.w.s.m.m.a.RequestMappingHandlerMapping - Mapped to org.springdoc.webmvc.ui.SwaggerConfigResource#openapiJson(HttpServletRequest)
2024-06-23 22:44:34.199 [http-nio-8088-exec-9] INFO  c.p.s.c.aspects.PerformanceAspect - Starting execution of openapiJson
2024-06-23 22:44:34.200 [http-nio-8088-exec-9] INFO  c.p.s.c.aspects.PerformanceAspect - Finished execution of openapiJson
2024-06-23 22:44:34.200 [http-nio-8088-exec-9] INFO  c.p.s.c.aspects.PerformanceAspect - Execution of openapiJson took 0 ms
2024-06-23 22:44:34.200 [http-nio-8088-exec-9] DEBUG o.s.w.s.m.m.a.RequestResponseBodyMethodProcessor - Using 'application/json', given [*/*] and supported [application/json]
2024-06-23 22:44:34.200 [http-nio-8088-exec-9] DEBUG o.s.w.s.m.m.a.RequestResponseBodyMethodProcessor - Writing [{configUrl=/api-docs/swagger-config, oauth2RedirectUrl=http://localhost:8088/swagger-ui/oauth2-redir (truncated)...]
2024-06-23 22:44:34.201 [http-nio-8088-exec-9] DEBUG o.s.web.servlet.DispatcherServlet - Completed 200 OK
2024-06-23 22:44:34.210 [http-nio-8088-exec-1] DEBUG o.s.w.s.m.m.a.RequestMappingHandlerMapping - Mapped to org.springdoc.webmvc.api.OpenApiWebMvcResource#openapiJson(HttpServletRequest, String, Locale)
2024-06-23 22:44:34.210 [http-nio-8088-exec-1] INFO  Spring Security Debugger - 

************************************************************

Request received for GET '/api-docs':

org.apache.catalina.connector.RequestFacade@2ce853c7

servletPath:/api-docs
pathInfo:null
headers: 
host: localhost:8088
connection: keep-alive
sec-ch-ua: "Not/A)Brand";v="8", "Chromium";v="126", "Google Chrome";v="126"
accept: application/json,*/*
sec-ch-ua-mobile: ?0
user-agent: Mozilla/5.0 (Windows NT 10.0; Win64; x64) AppleWebKit/537.36 (KHTML, like Gecko) Chrome/126.0.0.0 Safari/537.36
sec-ch-ua-platform: "Windows"
sec-fetch-site: same-origin
sec-fetch-mode: cors
sec-fetch-dest: empty
referer: http://localhost:8088/swagger-ui/index.html
accept-encoding: gzip, deflate, br, zstd
accept-language: vi-VN,vi;q=0.9,en-US;q=0.8,en;q=0.7
cookie: cids=1; frontend_lang=en_US; session_id=cd7c4df2afa04bd735e0ca81a1924ddc43713a0a


Security filter chain: no match


************************************************************


2024-06-23 22:44:34.211 [http-nio-8088-exec-1] DEBUG o.s.w.s.m.m.a.RequestMappingHandlerMapping - Mapped to org.springdoc.webmvc.api.OpenApiWebMvcResource#openapiJson(HttpServletRequest, String, Locale)
2024-06-23 22:44:34.212 [http-nio-8088-exec-1] DEBUG o.s.web.servlet.DispatcherServlet - GET "/api-docs", parameters={}
2024-06-23 22:44:34.212 [http-nio-8088-exec-1] DEBUG o.s.w.s.m.m.a.RequestMappingHandlerMapping - Mapped to org.springdoc.webmvc.api.OpenApiWebMvcResource#openapiJson(HttpServletRequest, String, Locale)
2024-06-23 22:44:34.213 [http-nio-8088-exec-1] INFO  c.p.s.c.aspects.PerformanceAspect - Starting execution of openapiJson
2024-06-23 22:44:34.219 [http-nio-8088-exec-1] INFO  c.p.s.c.aspects.PerformanceAspect - Finished execution of openapiJson
2024-06-23 22:44:34.219 [http-nio-8088-exec-1] INFO  c.p.s.c.aspects.PerformanceAspect - Execution of openapiJson took 6 ms
2024-06-23 22:44:34.220 [http-nio-8088-exec-1] DEBUG o.s.w.s.m.m.a.RequestResponseBodyMethodProcessor - Using 'application/json', given [application/json, */*] and supported [application/json]
2024-06-23 22:44:34.222 [http-nio-8088-exec-1] DEBUG o.s.w.s.m.m.a.RequestResponseBodyMethodProcessor - Writing [{123, 34, 111, 112, 101, 110, 97, 112, 105, 34, 58, 34, 51, 46, 48, 46, 49, 34, 44, 34, 105, 110, 10 (truncated)...]
2024-06-23 22:44:34.223 [http-nio-8088-exec-1] DEBUG o.s.web.servlet.DispatcherServlet - Completed 200 OK
2024-06-23 22:50:48.238 [http-nio-8088-exec-4] DEBUG o.s.w.s.h.SimpleUrlHandlerMapping - Mapped to ResourceHttpRequestHandler [classpath [META-INF/resources/webjars/]]
2024-06-23 22:50:48.238 [http-nio-8088-exec-4] INFO  Spring Security Debugger - 

************************************************************

Request received for GET '/swagger-ui/swagger-ui.css':

org.apache.catalina.connector.RequestFacade@1fd5d9c1

servletPath:/swagger-ui/swagger-ui.css
pathInfo:null
headers: 
host: localhost:8088
connection: keep-alive
sec-ch-ua: "Not/A)Brand";v="8", "Chromium";v="126", "Google Chrome";v="126"
sec-ch-ua-mobile: ?0
user-agent: Mozilla/5.0 (Windows NT 10.0; Win64; x64) AppleWebKit/537.36 (KHTML, like Gecko) Chrome/126.0.0.0 Safari/537.36
sec-ch-ua-platform: "Windows"
accept: text/css,*/*;q=0.1
sec-fetch-site: same-origin
sec-fetch-mode: no-cors
sec-fetch-dest: style
referer: http://localhost:8088/swagger-ui/index.html
accept-encoding: gzip, deflate, br, zstd
accept-language: vi-VN,vi;q=0.9,en-US;q=0.8,en;q=0.7
cookie: cids=1; frontend_lang=en_US; session_id=cd7c4df2afa04bd735e0ca81a1924ddc43713a0a
if-modified-since: Sun, 23 Jun 2024 15:34:36 GMT


Security filter chain: no match


************************************************************


2024-06-23 22:50:48.239 [http-nio-8088-exec-7] DEBUG o.s.w.s.h.SimpleUrlHandlerMapping - Mapped to ResourceHttpRequestHandler [classpath [META-INF/resources/webjars/]]
2024-06-23 22:50:48.239 [http-nio-8088-exec-4] DEBUG o.s.w.s.h.SimpleUrlHandlerMapping - Mapped to ResourceHttpRequestHandler [classpath [META-INF/resources/webjars/]]
2024-06-23 22:50:48.239 [http-nio-8088-exec-1] DEBUG o.s.w.s.h.SimpleUrlHandlerMapping - Mapped to ResourceHttpRequestHandler [classpath [META-INF/resources/webjars/]]
2024-06-23 22:50:48.239 [http-nio-8088-exec-5] DEBUG o.s.w.s.h.SimpleUrlHandlerMapping - Mapped to ResourceHttpRequestHandler [classpath [META-INF/resources/webjars/]]
2024-06-23 22:50:48.239 [http-nio-8088-exec-9] DEBUG o.s.w.s.h.SimpleUrlHandlerMapping - Mapped to ResourceHttpRequestHandler [classpath [META-INF/resources/webjars/]]
2024-06-23 22:50:48.239 [http-nio-8088-exec-7] INFO  Spring Security Debugger - 

************************************************************

Request received for GET '/swagger-ui/index.css':

org.apache.catalina.connector.RequestFacade@6cc9dfe6

servletPath:/swagger-ui/index.css
pathInfo:null
headers: 
host: localhost:8088
connection: keep-alive
sec-ch-ua: "Not/A)Brand";v="8", "Chromium";v="126", "Google Chrome";v="126"
sec-ch-ua-mobile: ?0
user-agent: Mozilla/5.0 (Windows NT 10.0; Win64; x64) AppleWebKit/537.36 (KHTML, like Gecko) Chrome/126.0.0.0 Safari/537.36
sec-ch-ua-platform: "Windows"
accept: text/css,*/*;q=0.1
sec-fetch-site: same-origin
sec-fetch-mode: no-cors
sec-fetch-dest: style
referer: http://localhost:8088/swagger-ui/index.html
accept-encoding: gzip, deflate, br, zstd
accept-language: vi-VN,vi;q=0.9,en-US;q=0.8,en;q=0.7
cookie: cids=1; frontend_lang=en_US; session_id=cd7c4df2afa04bd735e0ca81a1924ddc43713a0a
if-modified-since: Sun, 23 Jun 2024 15:34:36 GMT


Security filter chain: no match


************************************************************


2024-06-23 22:50:48.239 [http-nio-8088-exec-9] INFO  Spring Security Debugger - 

************************************************************

Request received for GET '/swagger-ui/swagger-ui-bundle.js':

org.apache.catalina.connector.RequestFacade@f71b6e5

servletPath:/swagger-ui/swagger-ui-bundle.js
pathInfo:null
headers: 
host: localhost:8088
connection: keep-alive
sec-ch-ua: "Not/A)Brand";v="8", "Chromium";v="126", "Google Chrome";v="126"
sec-ch-ua-mobile: ?0
user-agent: Mozilla/5.0 (Windows NT 10.0; Win64; x64) AppleWebKit/537.36 (KHTML, like Gecko) Chrome/126.0.0.0 Safari/537.36
sec-ch-ua-platform: "Windows"
accept: */*
sec-fetch-site: same-origin
sec-fetch-mode: no-cors
sec-fetch-dest: script
referer: http://localhost:8088/swagger-ui/index.html
accept-encoding: gzip, deflate, br, zstd
accept-language: vi-VN,vi;q=0.9,en-US;q=0.8,en;q=0.7
cookie: cids=1; frontend_lang=en_US; session_id=cd7c4df2afa04bd735e0ca81a1924ddc43713a0a
if-modified-since: Sun, 23 Jun 2024 15:34:36 GMT


Security filter chain: no match


************************************************************


2024-06-23 22:50:48.240 [http-nio-8088-exec-5] INFO  Spring Security Debugger - 

************************************************************

Request received for GET '/swagger-ui/swagger-initializer.js':

org.apache.catalina.connector.RequestFacade@4c917e63

servletPath:/swagger-ui/swagger-initializer.js
pathInfo:null
headers: 
host: localhost:8088
connection: keep-alive
sec-ch-ua: "Not/A)Brand";v="8", "Chromium";v="126", "Google Chrome";v="126"
sec-ch-ua-mobile: ?0
user-agent: Mozilla/5.0 (Windows NT 10.0; Win64; x64) AppleWebKit/537.36 (KHTML, like Gecko) Chrome/126.0.0.0 Safari/537.36
sec-ch-ua-platform: "Windows"
accept: */*
sec-fetch-site: same-origin
sec-fetch-mode: no-cors
sec-fetch-dest: script
referer: http://localhost:8088/swagger-ui/index.html
accept-encoding: gzip, deflate, br, zstd
accept-language: vi-VN,vi;q=0.9,en-US;q=0.8,en;q=0.7
cookie: cids=1; frontend_lang=en_US; session_id=cd7c4df2afa04bd735e0ca81a1924ddc43713a0a


Security filter chain: no match


************************************************************


2024-06-23 22:50:48.240 [http-nio-8088-exec-1] INFO  Spring Security Debugger - 

************************************************************

Request received for GET '/swagger-ui/swagger-ui-standalone-preset.js':

org.apache.catalina.connector.RequestFacade@72a285b1

servletPath:/swagger-ui/swagger-ui-standalone-preset.js
pathInfo:null
headers: 
host: localhost:8088
connection: keep-alive
sec-ch-ua: "Not/A)Brand";v="8", "Chromium";v="126", "Google Chrome";v="126"
sec-ch-ua-mobile: ?0
user-agent: Mozilla/5.0 (Windows NT 10.0; Win64; x64) AppleWebKit/537.36 (KHTML, like Gecko) Chrome/126.0.0.0 Safari/537.36
sec-ch-ua-platform: "Windows"
accept: */*
sec-fetch-site: same-origin
sec-fetch-mode: no-cors
sec-fetch-dest: script
referer: http://localhost:8088/swagger-ui/index.html
accept-encoding: gzip, deflate, br, zstd
accept-language: vi-VN,vi;q=0.9,en-US;q=0.8,en;q=0.7
cookie: cids=1; frontend_lang=en_US; session_id=cd7c4df2afa04bd735e0ca81a1924ddc43713a0a
if-modified-since: Sun, 23 Jun 2024 15:34:36 GMT


Security filter chain: no match


************************************************************


2024-06-23 22:50:48.240 [http-nio-8088-exec-4] DEBUG o.s.web.servlet.DispatcherServlet - GET "/swagger-ui/swagger-ui.css", parameters={}
2024-06-23 22:50:48.240 [http-nio-8088-exec-9] DEBUG o.s.w.s.h.SimpleUrlHandlerMapping - Mapped to ResourceHttpRequestHandler [classpath [META-INF/resources/webjars/]]
2024-06-23 22:50:48.241 [http-nio-8088-exec-7] DEBUG o.s.w.s.h.SimpleUrlHandlerMapping - Mapped to ResourceHttpRequestHandler [classpath [META-INF/resources/webjars/]]
2024-06-23 22:50:48.241 [http-nio-8088-exec-5] DEBUG o.s.w.s.h.SimpleUrlHandlerMapping - Mapped to ResourceHttpRequestHandler [classpath [META-INF/resources/webjars/]]
2024-06-23 22:50:48.241 [http-nio-8088-exec-1] DEBUG o.s.w.s.h.SimpleUrlHandlerMapping - Mapped to ResourceHttpRequestHandler [classpath [META-INF/resources/webjars/]]
2024-06-23 22:50:48.241 [http-nio-8088-exec-4] DEBUG o.s.w.s.h.SimpleUrlHandlerMapping - Mapped to ResourceHttpRequestHandler [classpath [META-INF/resources/webjars/]]
2024-06-23 22:50:48.241 [http-nio-8088-exec-5] DEBUG o.s.web.servlet.DispatcherServlet - GET "/swagger-ui/swagger-initializer.js", parameters={}
2024-06-23 22:50:48.241 [http-nio-8088-exec-9] DEBUG o.s.web.servlet.DispatcherServlet - GET "/swagger-ui/swagger-ui-bundle.js", parameters={}
2024-06-23 22:50:48.241 [http-nio-8088-exec-7] DEBUG o.s.web.servlet.DispatcherServlet - GET "/swagger-ui/index.css", parameters={}
2024-06-23 22:50:48.241 [http-nio-8088-exec-1] DEBUG o.s.web.servlet.DispatcherServlet - GET "/swagger-ui/swagger-ui-standalone-preset.js", parameters={}
2024-06-23 22:50:48.242 [http-nio-8088-exec-5] DEBUG o.s.w.s.h.SimpleUrlHandlerMapping - Mapped to ResourceHttpRequestHandler [classpath [META-INF/resources/webjars/]]
2024-06-23 22:50:48.242 [http-nio-8088-exec-1] DEBUG o.s.w.s.h.SimpleUrlHandlerMapping - Mapped to ResourceHttpRequestHandler [classpath [META-INF/resources/webjars/]]
2024-06-23 22:50:48.242 [http-nio-8088-exec-9] DEBUG o.s.w.s.h.SimpleUrlHandlerMapping - Mapped to ResourceHttpRequestHandler [classpath [META-INF/resources/webjars/]]
2024-06-23 22:50:48.242 [http-nio-8088-exec-7] DEBUG o.s.w.s.h.SimpleUrlHandlerMapping - Mapped to ResourceHttpRequestHandler [classpath [META-INF/resources/webjars/]]
2024-06-23 22:50:48.243 [http-nio-8088-exec-7] DEBUG o.s.web.servlet.DispatcherServlet - Completed 304 NOT_MODIFIED
2024-06-23 22:50:48.243 [http-nio-8088-exec-4] DEBUG o.s.web.servlet.DispatcherServlet - Completed 304 NOT_MODIFIED
2024-06-23 22:50:48.243 [http-nio-8088-exec-9] DEBUG o.s.web.servlet.DispatcherServlet - Completed 304 NOT_MODIFIED
2024-06-23 22:50:48.243 [http-nio-8088-exec-1] DEBUG o.s.web.servlet.DispatcherServlet - Completed 304 NOT_MODIFIED
2024-06-23 22:50:48.251 [http-nio-8088-exec-5] DEBUG o.s.web.servlet.DispatcherServlet - Completed 200 OK
2024-06-23 22:50:48.512 [http-nio-8088-exec-10] DEBUG o.s.w.s.m.m.a.RequestMappingHandlerMapping - Mapped to org.springdoc.webmvc.ui.SwaggerConfigResource#openapiJson(HttpServletRequest)
2024-06-23 22:50:48.512 [http-nio-8088-exec-10] INFO  Spring Security Debugger - 

************************************************************

Request received for GET '/api-docs/swagger-config':

org.apache.catalina.connector.RequestFacade@7f29c4c0

servletPath:/api-docs/swagger-config
pathInfo:null
headers: 
host: localhost:8088
connection: keep-alive
sec-ch-ua: "Not/A)Brand";v="8", "Chromium";v="126", "Google Chrome";v="126"
sec-ch-ua-mobile: ?0
user-agent: Mozilla/5.0 (Windows NT 10.0; Win64; x64) AppleWebKit/537.36 (KHTML, like Gecko) Chrome/126.0.0.0 Safari/537.36
sec-ch-ua-platform: "Windows"
accept: */*
sec-fetch-site: same-origin
sec-fetch-mode: cors
sec-fetch-dest: empty
referer: http://localhost:8088/swagger-ui/index.html
accept-encoding: gzip, deflate, br, zstd
accept-language: vi-VN,vi;q=0.9,en-US;q=0.8,en;q=0.7
cookie: cids=1; frontend_lang=en_US; session_id=cd7c4df2afa04bd735e0ca81a1924ddc43713a0a


Security filter chain: no match


************************************************************


2024-06-23 22:50:48.513 [http-nio-8088-exec-10] DEBUG o.s.w.s.m.m.a.RequestMappingHandlerMapping - Mapped to org.springdoc.webmvc.ui.SwaggerConfigResource#openapiJson(HttpServletRequest)
2024-06-23 22:50:48.514 [http-nio-8088-exec-10] DEBUG o.s.web.servlet.DispatcherServlet - GET "/api-docs/swagger-config", parameters={}
2024-06-23 22:50:48.514 [http-nio-8088-exec-10] DEBUG o.s.w.s.m.m.a.RequestMappingHandlerMapping - Mapped to org.springdoc.webmvc.ui.SwaggerConfigResource#openapiJson(HttpServletRequest)
2024-06-23 22:50:48.514 [http-nio-8088-exec-10] INFO  c.p.s.c.aspects.PerformanceAspect - Starting execution of openapiJson
2024-06-23 22:50:48.515 [http-nio-8088-exec-10] INFO  c.p.s.c.aspects.PerformanceAspect - Finished execution of openapiJson
2024-06-23 22:50:48.515 [http-nio-8088-exec-10] INFO  c.p.s.c.aspects.PerformanceAspect - Execution of openapiJson took 0 ms
2024-06-23 22:50:48.515 [http-nio-8088-exec-10] DEBUG o.s.w.s.m.m.a.RequestResponseBodyMethodProcessor - Using 'application/json', given [*/*] and supported [application/json]
2024-06-23 22:50:48.515 [http-nio-8088-exec-10] DEBUG o.s.w.s.m.m.a.RequestResponseBodyMethodProcessor - Writing [{configUrl=/api-docs/swagger-config, oauth2RedirectUrl=http://localhost:8088/swagger-ui/oauth2-redir (truncated)...]
2024-06-23 22:50:48.516 [http-nio-8088-exec-10] DEBUG o.s.web.servlet.DispatcherServlet - Completed 200 OK
2024-06-23 22:50:48.524 [http-nio-8088-exec-6] DEBUG o.s.w.s.m.m.a.RequestMappingHandlerMapping - Mapped to org.springdoc.webmvc.api.OpenApiWebMvcResource#openapiJson(HttpServletRequest, String, Locale)
2024-06-23 22:50:48.524 [http-nio-8088-exec-6] INFO  Spring Security Debugger - 

************************************************************

Request received for GET '/api-docs':

org.apache.catalina.connector.RequestFacade@7343bb20

servletPath:/api-docs
pathInfo:null
headers: 
host: localhost:8088
connection: keep-alive
sec-ch-ua: "Not/A)Brand";v="8", "Chromium";v="126", "Google Chrome";v="126"
accept: application/json,*/*
sec-ch-ua-mobile: ?0
user-agent: Mozilla/5.0 (Windows NT 10.0; Win64; x64) AppleWebKit/537.36 (KHTML, like Gecko) Chrome/126.0.0.0 Safari/537.36
sec-ch-ua-platform: "Windows"
sec-fetch-site: same-origin
sec-fetch-mode: cors
sec-fetch-dest: empty
referer: http://localhost:8088/swagger-ui/index.html
accept-encoding: gzip, deflate, br, zstd
accept-language: vi-VN,vi;q=0.9,en-US;q=0.8,en;q=0.7
cookie: cids=1; frontend_lang=en_US; session_id=cd7c4df2afa04bd735e0ca81a1924ddc43713a0a


Security filter chain: no match


************************************************************


2024-06-23 22:50:48.525 [http-nio-8088-exec-6] DEBUG o.s.w.s.m.m.a.RequestMappingHandlerMapping - Mapped to org.springdoc.webmvc.api.OpenApiWebMvcResource#openapiJson(HttpServletRequest, String, Locale)
2024-06-23 22:50:48.525 [http-nio-8088-exec-6] DEBUG o.s.web.servlet.DispatcherServlet - GET "/api-docs", parameters={}
2024-06-23 22:50:48.525 [http-nio-8088-exec-6] DEBUG o.s.w.s.m.m.a.RequestMappingHandlerMapping - Mapped to org.springdoc.webmvc.api.OpenApiWebMvcResource#openapiJson(HttpServletRequest, String, Locale)
2024-06-23 22:50:48.526 [http-nio-8088-exec-6] INFO  c.p.s.c.aspects.PerformanceAspect - Starting execution of openapiJson
2024-06-23 22:50:48.531 [http-nio-8088-exec-6] INFO  c.p.s.c.aspects.PerformanceAspect - Finished execution of openapiJson
2024-06-23 22:50:48.531 [http-nio-8088-exec-6] INFO  c.p.s.c.aspects.PerformanceAspect - Execution of openapiJson took 4 ms
2024-06-23 22:50:48.531 [http-nio-8088-exec-6] DEBUG o.s.w.s.m.m.a.RequestResponseBodyMethodProcessor - Using 'application/json', given [application/json, */*] and supported [application/json]
2024-06-23 22:50:48.532 [http-nio-8088-exec-6] DEBUG o.s.w.s.m.m.a.RequestResponseBodyMethodProcessor - Writing [{123, 34, 111, 112, 101, 110, 97, 112, 105, 34, 58, 34, 51, 46, 48, 46, 49, 34, 44, 34, 105, 110, 10 (truncated)...]
2024-06-23 22:50:48.533 [http-nio-8088-exec-6] DEBUG o.s.web.servlet.DispatcherServlet - Completed 200 OK
